TN:
SF:C:\Users\xps\Documents\Programming\Projects\Own\fp-event-manager\src\emit.ts
FN:18,(anonymous_0)
FN:29,(anonymous_1)
FN:33,(anonymous_2)
FN:43,(anonymous_3)
FN:43,(anonymous_4)
FN:44,(anonymous_5)
FN:54,(anonymous_6)
FN:69,(anonymous_7)
FN:71,(anonymous_8)
FN:75,(anonymous_9)
FNF:10
FNH:7
FNDA:4,(anonymous_0)
FNDA:4,(anonymous_1)
FNDA:4,(anonymous_2)
FNDA:4,(anonymous_3)
FNDA:4,(anonymous_4)
FNDA:4,(anonymous_5)
FNDA:4,(anonymous_6)
FNDA:0,(anonymous_7)
FNDA:0,(anonymous_8)
FNDA:0,(anonymous_9)
DA:2,1
DA:3,1
DA:18,1
DA:29,4
DA:33,4
DA:34,4
DA:35,4
DA:37,4
DA:43,4
DA:44,4
DA:45,4
DA:51,4
DA:54,4
DA:69,1
DA:71,0
DA:73,0
DA:75,0
LF:17
LH:14
BRDA:20,0,0,4
BRDA:35,1,0,2
BRDA:35,1,1,2
BRDA:51,2,0,4
BRDA:51,2,1,0
BRF:5
BRH:4
end_of_record
TN:
SF:C:\Users\xps\Documents\Programming\Projects\Own\fp-event-manager\src\events.ts
FN:34,(anonymous_0)
FN:38,(anonymous_1)
FNF:2
FNH:2
FNDA:5,(anonymous_0)
FNDA:17,(anonymous_1)
DA:1,3
DA:34,3
DA:36,5
DA:38,17
LF:4
LH:4
BRF:0
BRH:0
end_of_record
TN:
SF:C:\Users\xps\Documents\Programming\Projects\Own\fp-event-manager\src\meta-events.ts
FN:5,(anonymous_0)
FN:6,(anonymous_1)
FN:7,(anonymous_2)
FN:13,(anonymous_3)
FN:13,(anonymous_4)
FNF:5
FNH:3
FNDA:0,(anonymous_0)
FNDA:0,(anonymous_1)
FNDA:2,(anonymous_2)
FNDA:4,(anonymous_3)
FNDA:4,(anonymous_4)
DA:1,1
DA:2,1
DA:4,1
DA:13,4
DA:15,4
LF:5
LH:5
BRDA:17,0,0,2
BRDA:17,0,1,2
BRF:2
BRH:2
end_of_record
TN:
SF:C:\Users\xps\Documents\Programming\Projects\Own\fp-event-manager\src\util.ts
FN:14,(anonymous_0)
FN:21,(anonymous_1)
FN:33,(anonymous_2)
FN:35,(anonymous_3)
FN:37,(anonymous_4)
FN:40,(anonymous_5)
FNF:6
FNH:6
FNDA:8,(anonymous_0)
FNDA:24,(anonymous_1)
FNDA:1,(anonymous_2)
FNDA:1,(anonymous_3)
FNDA:1,(anonymous_4)
FNDA:2,(anonymous_5)
DA:14,3
DA:20,8
DA:22,24
DA:33,3
DA:35,1
DA:37,1
DA:40,2
LF:7
LH:7
BRDA:17,0,0,8
BRF:1
BRH:1
end_of_record
